Crashlog created at 2014-06-14 14:49:30 +0200

===== MESSAGE:

NoMethodError: undefined method `pry' for #<Binding:0x0000010432ec90>

===== COMPILATION STACK:

  - [item]   / (rep default)

===== STACK TRACE:

  0. layout /default/:19:in `get_binding'
  1. /Users/rgalindo33/.rvm/rubies/ruby-2.0.0-p451/lib/ruby/2.0.0/erb.rb:849:in `eval'
  2. /Users/rgalindo33/.rvm/rubies/ruby-2.0.0-p451/lib/ruby/2.0.0/erb.rb:849:in `result'
  3. /Users/rgalindo33/.rvm/gems/ruby-2.0.0-p451/gems/nanoc-3.6.11/lib/nanoc/filters/erb.rb:34:in `run'
  4. /Users/rgalindo33/.rvm/gems/ruby-2.0.0-p451/gems/nanoc-3.6.11/lib/nanoc/base/compilation/filter.rb:121:in `setup_and_run'
  5. /Users/rgalindo33/.rvm/gems/ruby-2.0.0-p451/gems/nanoc-3.6.11/lib/nanoc/base/result_data/item_rep.rb:403:in `layout'
  6. /Users/rgalindo33/.rvm/gems/ruby-2.0.0-p451/gems/nanoc-3.6.11/lib/nanoc/base/compilation/item_rep_proxy.rb:69:in `layout'
  7. /Users/rgalindo33/.rvm/gems/ruby-2.0.0-p451/gems/nanoc-3.6.11/lib/nanoc/base/compilation/rule_context.rb:74:in `layout'
  8. ./Rules:19:in `block in load'
  9. /Users/rgalindo33/.rvm/gems/ruby-2.0.0-p451/gems/nanoc-3.6.11/lib/nanoc/base/compilation/rule.rb:70:in `instance_eval'
  10. /Users/rgalindo33/.rvm/gems/ruby-2.0.0-p451/gems/nanoc-3.6.11/lib/nanoc/base/compilation/rule.rb:70:in `apply_to'
  11. /Users/rgalindo33/.rvm/gems/ruby-2.0.0-p451/gems/nanoc-3.6.11/lib/nanoc/base/compilation/compiler.rb:385:in `compile_rep'
  12. /Users/rgalindo33/.rvm/gems/ruby-2.0.0-p451/gems/nanoc-3.6.11/lib/nanoc/base/compilation/compiler.rb:341:in `block in compile_reps'
  13. /Users/rgalindo33/.rvm/gems/ruby-2.0.0-p451/gems/nanoc-3.6.11/lib/nanoc/base/compilation/compiler.rb:334:in `loop'
  14. /Users/rgalindo33/.rvm/gems/ruby-2.0.0-p451/gems/nanoc-3.6.11/lib/nanoc/base/compilation/compiler.rb:334:in `compile_reps'
  15. /Users/rgalindo33/.rvm/gems/ruby-2.0.0-p451/gems/nanoc-3.6.11/lib/nanoc/base/compilation/compiler.rb:89:in `run'
  16. /Users/rgalindo33/.rvm/gems/ruby-2.0.0-p451/gems/nanoc-3.6.11/lib/nanoc/base/source_data/site.rb:58:in `compile'
  17. /Users/rgalindo33/.rvm/gems/ruby-2.0.0-p451/gems/nanoc-3.6.11/lib/nanoc/cli/commands/compile.rb:397:in `block in run'
  18. /Users/rgalindo33/.rvm/gems/ruby-2.0.0-p451/gems/nanoc-3.6.11/lib/nanoc/cli/commands/compile.rb:438:in `run_listeners_while'
  19. /Users/rgalindo33/.rvm/gems/ruby-2.0.0-p451/gems/nanoc-3.6.11/lib/nanoc/cli/commands/compile.rb:396:in `run'
  20. /Users/rgalindo33/.rvm/gems/ruby-2.0.0-p451/gems/nanoc-3.6.11/lib/nanoc/cli/command_runner.rb:14:in `block in call'
  21. /Users/rgalindo33/.rvm/gems/ruby-2.0.0-p451/gems/nanoc-3.6.11/lib/nanoc/cli/error_handler.rb:74:in `handle_while'
  22. /Users/rgalindo33/.rvm/gems/ruby-2.0.0-p451/gems/nanoc-3.6.11/lib/nanoc/cli/error_handler.rb:26:in `handle_while'
  23. /Users/rgalindo33/.rvm/gems/ruby-2.0.0-p451/gems/nanoc-3.6.11/lib/nanoc/cli/command_runner.rb:13:in `call'
  24. /Users/rgalindo33/.rvm/gems/ruby-2.0.0-p451/gems/cri-2.6.1/lib/cri/command_dsl.rb:223:in `block in runner'
  25. /Users/rgalindo33/.rvm/gems/ruby-2.0.0-p451/gems/cri-2.6.1/lib/cri/command.rb:298:in `call'
  26. /Users/rgalindo33/.rvm/gems/ruby-2.0.0-p451/gems/cri-2.6.1/lib/cri/command.rb:298:in `run_this'
  27. /Users/rgalindo33/.rvm/gems/ruby-2.0.0-p451/gems/cri-2.6.1/lib/cri/command.rb:251:in `run'
  28. /Users/rgalindo33/.rvm/gems/ruby-2.0.0-p451/gems/nanoc-3.6.11/lib/nanoc/cli/commands/nanoc.rb:39:in `block in define'
  29. /Users/rgalindo33/.rvm/gems/ruby-2.0.0-p451/gems/cri-2.6.1/lib/cri/command.rb:298:in `call'
  30. /Users/rgalindo33/.rvm/gems/ruby-2.0.0-p451/gems/cri-2.6.1/lib/cri/command.rb:298:in `run_this'
  31. /Users/rgalindo33/.rvm/gems/ruby-2.0.0-p451/gems/cri-2.6.1/lib/cri/command.rb:251:in `run'
  32. /Users/rgalindo33/.rvm/gems/ruby-2.0.0-p451/gems/nanoc-3.6.11/lib/nanoc/cli.rb:59:in `block in run'
  33. /Users/rgalindo33/.rvm/gems/ruby-2.0.0-p451/gems/nanoc-3.6.11/lib/nanoc/cli/error_handler.rb:74:in `handle_while'
  34. /Users/rgalindo33/.rvm/gems/ruby-2.0.0-p451/gems/nanoc-3.6.11/lib/nanoc/cli/error_handler.rb:26:in `handle_while'
  35. /Users/rgalindo33/.rvm/gems/ruby-2.0.0-p451/gems/nanoc-3.6.11/lib/nanoc/cli.rb:57:in `run'
  36. /Users/rgalindo33/.rvm/gems/ruby-2.0.0-p451/gems/nanoc-3.6.11/bin/nanoc:19:in `<top (required)>'
  37. /Users/rgalindo33/.rvm/gems/ruby-2.0.0-p451/bin/nanoc:23:in `load'
  38. /Users/rgalindo33/.rvm/gems/ruby-2.0.0-p451/bin/nanoc:23:in `<main>'
  39. /Users/rgalindo33/.rvm/gems/ruby-2.0.0-p451/bin/ruby_executable_hooks:15:in `eval'

===== VERSION INFORMATION:

nanoc 3.6.11 © 2007-2014 Denis Defreyne.
Running ruby 2.0.0 (2014-02-24) on x86_64-darwin12.5.0 with RubyGems 2.2.2.

===== SYSTEM INFORMATION:

Darwin naiguata.local 13.2.0 Darwin Kernel Version 13.2.0: Thu Apr 17 23:03:13 PDT 2014; root:xnu-2422.100.13~1/RELEASE_X86_64 x86_64

===== INSTALLED GEMS:

  bundler 1.5.3
  celluloid 0.16.0.pre
  coderay 1.1.0
  colored 1.2
  cri 2.6.1
  ffi 1.9.3
  formatador 0.2.5
  guard 2.6.1
  guard-nanoc 1.0.2
  hitimes 1.2.1
  kramdown 1.3.3
  listen 2.7.7
  lumberjack 1.0.6
  method_source 0.8.2
  nanoc 3.6.11
  pdfkit 0.6.2
  pry 0.9.12.4
  rb-fsevent 0.9.4
  rb-inotify 0.9.4
  slop 3.4.7
  thor 0.18.1
  timers 2.0.0

===== ENVIRONMENT:

Apple_PubSub_Socket_Render => "/tmp/launch-LmCWPW/Render"
BUNDLE_BIN_PATH => "/Users/rgalindo33/.rvm/gems/ruby-2.0.0-p451@global/gems/bundler-1.5.3/bin/bundle"
BUNDLE_GEMFILE => "/Users/rgalindo33/Developer/resume/Gemfile"
COLORFGBG => "7;0"
GEM_HOME => "/Users/rgalindo33/.rvm/gems/ruby-2.0.0-p451"
GEM_PATH => "/Users/rgalindo33/.rvm/gems/ruby-2.0.0-p451:/Users/rgalindo33/.rvm/gems/ruby-2.0.0-p451@global"
GREP_COLOR => "1;32"
GREP_OPTIONS => "--color=auto --exclude-dir=.cvs --exclude-dir=.git --exclude-dir=.hg --exclude-dir=.svn"
HOME => "/Users/rgalindo33"
IRBRC => "/Users/rgalindo33/.rvm/rubies/ruby-2.0.0-p451/.irbrc"
ITERM_PROFILE => "Default"
ITERM_SESSION_ID => "w1t0p1"
LC_CTYPE => ""
LESS => "-R"
LOGNAME => "rgalindo33"
LSCOLORS => "Gxfxcxdxbxegedabagacad"
MANPATH => "/Users/rgalindo33/.rvm/gems/ruby-2.0.0-p451/gems/kramdown-1.3.3/man"
MY_RUBY_HOME => "/Users/rgalindo33/.rvm/rubies/ruby-2.0.0-p451"
OLDPWD => "/Users/rgalindo33"
PAGER => "less"
PATH => "/Users/rgalindo33/.rvm/gems/ruby-2.0.0-p451/bin:/Users/rgalindo33/.rvm/gems/ruby-2.0.0-p451@global/bin:/Users/rgalindo33/.rvm/rubies/ruby-2.0.0-p451/bin:/usr/local/heroku/bin:/usr/local:/usr/local/bin:/usr/bin:/bin:/usr/sbin:/sbin:/usr/local/git/bin:/Library/PostgreSQL/9.3/bin:/Users/rgalindo33/bin:/Users/rgalindo33/.rvm/bin"
PWD => "/Users/rgalindo33/Developer/resume"
RUBYLIB => "/Users/rgalindo33/.rvm/gems/ruby-2.0.0-p451@global/gems/bundler-1.5.3/lib"
RUBYOPT => "-rbundler/setup"
SHELL => "/bin/zsh"
SHLVL => "1"
SSH_AUTH_SOCK => "/tmp/launch-F7NowR/Listeners"
TERM => "xterm-256color"
TERM_PROGRAM => "iTerm.app"
TMPDIR => "/var/folders/kl/bgvkc5yj3yd1hmrxb0k2l8zc0000gn/T/"
USER => "rgalindo33"
_ => "/Users/rgalindo33/.rvm/gems/ruby-2.0.0-p451/bin/nanoc"
_ORIGINAL_GEM_PATH => "/Users/rgalindo33/.rvm/gems/ruby-2.0.0-p451:/Users/rgalindo33/.rvm/gems/ruby-2.0.0-p451@global"
__CF_USER_TEXT_ENCODING => "0x1F5:0:0"
__CHECKFIX1436934 => "1"
_system_arch => "x86_64"
_system_name => "OSX"
_system_type => "Darwin"
_system_version => "10.9"
rvm_alias_expanded => ""
rvm_bin_path => "/Users/rgalindo33/.rvm/bin"
rvm_docs_type => ""
rvm_gemstone_package_file => ""
rvm_gemstone_url => ""
rvm_niceness => ""
rvm_nightly_flag => ""
rvm_path => "/Users/rgalindo33/.rvm"
rvm_prefix => "/Users/rgalindo33"
rvm_proxy => ""
rvm_quiet_flag => ""
rvm_ruby_file => ""
rvm_ruby_make => ""
rvm_ruby_make_install => ""
rvm_ruby_mode => ""
rvm_script_name => ""
rvm_sdk => ""
rvm_silent_flag => ""
rvm_version => "1.25.22 (stable)"
rvm_wrapper_name => ""

===== GEMFILE.LOCK:

GEM
  remote: https://rubygems.org/
  specs:
    celluloid (0.16.0.pre)
      timers (~> 2.0.0)
    coderay (1.1.0)
    colored (1.2)
    cri (2.6.1)
      colored (~> 1.2)
    ffi (1.9.3)
    formatador (0.2.5)
    guard (2.6.1)
      formatador (>= 0.2.4)
      listen (~> 2.7)
      lumberjack (~> 1.0)
      pry (>= 0.9.12)
      thor (>= 0.18.1)
    guard-nanoc (1.0.2)
      guard (>= 1.8.0)
      nanoc (>= 3.6.3)
    hitimes (1.2.1)
    kramdown (1.3.3)
    listen (2.7.7)
      celluloid (>= 0.15.2)
      rb-fsevent (>= 0.9.3)
      rb-inotify (>= 0.9)
    lumberjack (1.0.6)
    method_source (0.8.2)
    nanoc (3.6.11)
      cri (~> 2.3)
    pdfkit (0.6.2)
    pry (0.9.12.4)
      coderay (~> 1.0)
      method_source (~> 0.8)
      slop (~> 3.4)
    rb-fsevent (0.9.4)
    rb-inotify (0.9.4)
      ffi (>= 0.5.0)
    slop (3.4.7)
    thor (0.18.1)
    timers (2.0.0)
      hitimes

PLATFORMS
  ruby

DEPENDENCIES
  guard-nanoc
  kramdown
  pdfkit
  pry

===== LOAD PATHS:

  0. /Users/rgalindo33/.rvm/gems/ruby-2.0.0-p451/gems/nanoc-3.6.11/lib
  1. /Users/rgalindo33/.rvm/gems/ruby-2.0.0-p451/gems/pdfkit-0.6.2/lib
  2. /Users/rgalindo33/.rvm/gems/ruby-2.0.0-p451/gems/kramdown-1.3.3/lib
  3. /Users/rgalindo33/.rvm/gems/ruby-2.0.0-p451/gems/guard-nanoc-1.0.2/lib
  4. /Users/rgalindo33/.rvm/gems/ruby-2.0.0-p451/gems/nanoc-3.6.11/lib
  5. /Users/rgalindo33/.rvm/gems/ruby-2.0.0-p451/gems/guard-2.6.1/lib
  6. /Users/rgalindo33/.rvm/gems/ruby-2.0.0-p451/gems/thor-0.18.1/lib
  7. /Users/rgalindo33/.rvm/gems/ruby-2.0.0-p451/gems/pry-0.9.12.4/lib
  8. /Users/rgalindo33/.rvm/gems/ruby-2.0.0-p451/gems/slop-3.4.7/lib
  9. /Users/rgalindo33/.rvm/gems/ruby-2.0.0-p451/gems/method_source-0.8.2/lib
  10. /Users/rgalindo33/.rvm/gems/ruby-2.0.0-p451/gems/lumberjack-1.0.6/lib
  11. /Users/rgalindo33/.rvm/gems/ruby-2.0.0-p451/gems/listen-2.7.7/lib
  12. /Users/rgalindo33/.rvm/gems/ruby-2.0.0-p451/gems/rb-inotify-0.9.4/lib
  13. /Users/rgalindo33/.rvm/gems/ruby-2.0.0-p451/gems/rb-fsevent-0.9.4/lib
  14. /Users/rgalindo33/.rvm/gems/ruby-2.0.0-p451/gems/formatador-0.2.5/lib
  15. /Users/rgalindo33/.rvm/gems/ruby-2.0.0-p451/extensions/x86_64-darwin-12/2.0.0-static/ffi-1.9.3
  16. /Users/rgalindo33/.rvm/gems/ruby-2.0.0-p451/gems/ffi-1.9.3/lib
  17. /Users/rgalindo33/.rvm/gems/ruby-2.0.0-p451/gems/ffi-1.9.3/ext/ffi_c
  18. /Users/rgalindo33/.rvm/gems/ruby-2.0.0-p451/gems/cri-2.6.1/lib
  19. /Users/rgalindo33/.rvm/gems/ruby-2.0.0-p451/gems/colored-1.2/lib
  20. /Users/rgalindo33/.rvm/gems/ruby-2.0.0-p451/gems/coderay-1.1.0/lib
  21. /Users/rgalindo33/.rvm/gems/ruby-2.0.0-p451/gems/celluloid-0.16.0.pre/lib
  22. /Users/rgalindo33/.rvm/gems/ruby-2.0.0-p451/gems/timers-2.0.0/lib
  23. /Users/rgalindo33/.rvm/gems/ruby-2.0.0-p451/extensions/x86_64-darwin-12/2.0.0-static/hitimes-1.2.1
  24. /Users/rgalindo33/.rvm/gems/ruby-2.0.0-p451/gems/hitimes-1.2.1/lib
  25. /Users/rgalindo33/.rvm/gems/ruby-2.0.0-p451@global/gems/bundler-1.5.3/lib
  26. /Users/rgalindo33/.rvm/rubies/ruby-2.0.0-p451/lib/ruby/site_ruby/2.0.0
  27. /Users/rgalindo33/.rvm/rubies/ruby-2.0.0-p451/lib/ruby/site_ruby/2.0.0/x86_64-darwin12.5.0
  28. /Users/rgalindo33/.rvm/rubies/ruby-2.0.0-p451/lib/ruby/site_ruby
  29. /Users/rgalindo33/.rvm/rubies/ruby-2.0.0-p451/lib/ruby/vendor_ruby/2.0.0
  30. /Users/rgalindo33/.rvm/rubies/ruby-2.0.0-p451/lib/ruby/vendor_ruby/2.0.0/x86_64-darwin12.5.0
  31. /Users/rgalindo33/.rvm/rubies/ruby-2.0.0-p451/lib/ruby/vendor_ruby
  32. /Users/rgalindo33/.rvm/rubies/ruby-2.0.0-p451/lib/ruby/2.0.0
  33. /Users/rgalindo33/.rvm/rubies/ruby-2.0.0-p451/lib/ruby/2.0.0/x86_64-darwin12.5.0
